    131072     8192  256 0.057944   0.037511   0.095455   Chunks_Unsorted Success 
[31m[1m*** WRAM write ***[0m
   size   	  number  	 bandwidth  	 duration 	function names
[92m[1m/dev/dpu_rank0:[0m
   2.027MB	    1     	 100.985MB/s	  20.068ms	dpu_copy_to_wram_for_rank
[92m[1mAverage:[0m
   2.027MB	    1     	 100.985MB/s	  20.068ms	dpu_copy_to_wram_for_rank
[31m[1m*** MRAM write ***[0m
   size   	  number  	 bandwidth  	 duration 	function names
[92m[1m/dev/dpu_rank0:[0m
 512.000KB	    1     	 751.995MB/s	 664.898us	dpu_copy_to_mrams_16dpus
[92m[1mAverage:[0m
 512.000KB	    1     	 751.995MB/s	 664.898us	dpu_copy_to_mrams_16dpus
[31m[1m*** MRAM read ***[0m
   size   	  number  	 bandwidth  	 duration 	function names
[92m[1m/dev/dpu_rank0:[0m
 512.000KB	    1     	 461.869MB/s	   1.083ms	dpu_copy_from_mrams_16dpus
[92m[1mAverage:[0m
 512.000KB	    1     	 461.869MB/s	   1.083ms	dpu_copy_from_mrams_16dpus
[31m[1m*** IRAM write ***[0m
   size   	  number  	 bandwidth  	 duration 	function names
[92m[1m/dev/dpu_rank0:[0m
  10.625KB	    1     	  24.149MB/s	 429.661us	dpu_copy_to_iram_for_rank
[92m[1mAverage:[0m
  10.625KB	    1     	  24.149MB/s	 429.661us	dpu_copy_to_iram_for_rank
