    262144    16384  256 0.072161   0.055356   0.127517   Chunks_Unsorted Success 
[31m[1m*** WRAM write ***[0m
   size   	  number  	 bandwidth  	 duration 	function names
[92m[1m/dev/dpu_rank0:[0m
   2.027MB	    1     	 104.881MB/s	  19.323ms	dpu_copy_to_wram_for_rank
[92m[1mAverage:[0m
   2.027MB	    1     	 104.881MB/s	  19.323ms	dpu_copy_to_wram_for_rank
[31m[1m*** MRAM write ***[0m
   size   	  number  	 bandwidth  	 duration 	function names
[92m[1m/dev/dpu_rank0:[0m
   1.000MB	    1     	 903.412MB/s	   1.107ms	dpu_copy_to_mrams_16dpus
[92m[1mAverage:[0m
   1.000MB	    1     	 903.412MB/s	   1.107ms	dpu_copy_to_mrams_16dpus
[31m[1m*** MRAM read ***[0m
   size   	  number  	 bandwidth  	 duration 	function names
[92m[1m/dev/dpu_rank0:[0m
   1.000MB	    1     	 698.684MB/s	   1.431ms	dpu_copy_from_mrams_16dpus
[92m[1mAverage:[0m
   1.000MB	    1     	 698.684MB/s	   1.431ms	dpu_copy_from_mrams_16dpus
[31m[1m*** IRAM write ***[0m
   size   	  number  	 bandwidth  	 duration 	function names
[92m[1m/dev/dpu_rank0:[0m
  10.438KB	    1     	  24.357MB/s	 418.470us	dpu_copy_to_iram_for_rank
[92m[1mAverage:[0m
  10.438KB	    1     	  24.357MB/s	 418.470us	dpu_copy_to_iram_for_rank
