    524288    16384  256 0.073881   0.106698   0.180579   Chunks_Unsorted Success 
[31m[1m*** WRAM write ***[0m
   size   	  number  	 bandwidth  	 duration 	function names
[92m[1m/dev/dpu_rank0:[0m
   2.027MB	    1     	 104.454MB/s	  19.402ms	dpu_copy_to_wram_for_rank
[92m[1mAverage:[0m
   2.027MB	    1     	 104.454MB/s	  19.402ms	dpu_copy_to_wram_for_rank
[31m[1m*** MRAM write ***[0m
   size   	  number  	 bandwidth  	 duration 	function names
[92m[1m/dev/dpu_rank0:[0m
   2.000MB	    1     	   1.092GB/s	   1.789ms	dpu_copy_to_mrams_32dpus
[92m[1mAverage:[0m
   2.000MB	    1     	   1.092GB/s	   1.789ms	dpu_copy_to_mrams_32dpus
[31m[1m*** MRAM read ***[0m
   size   	  number  	 bandwidth  	 duration 	function names
[92m[1m/dev/dpu_rank0:[0m
   2.000MB	    1     	 940.529MB/s	   2.126ms	dpu_copy_from_mrams_32dpus
[92m[1mAverage:[0m
   2.000MB	    1     	 940.529MB/s	   2.126ms	dpu_copy_from_mrams_32dpus
[31m[1m*** IRAM write ***[0m
   size   	  number  	 bandwidth  	 duration 	function names
[92m[1m/dev/dpu_rank0:[0m
  10.438KB	    1     	  24.424MB/s	 417.335us	dpu_copy_to_iram_for_rank
[92m[1mAverage:[0m
  10.438KB	    1     	  24.424MB/s	 417.335us	dpu_copy_to_iram_for_rank
