    524288     4096  256 0.084177   0.129058   0.213235   Chunks_Unsorted Success 
[31m[1m*** WRAM write ***[0m
   size   	  number  	 bandwidth  	 duration 	function names
[92m[1m/dev/dpu_rank0:[0m
   2.027MB	    1     	 107.698MB/s	  18.818ms	dpu_copy_to_wram_for_rank
[92m[1m/dev/dpu_rank1:[0m
   2.027MB	    1     	 144.748MB/s	  14.001ms	dpu_copy_to_wram_for_rank
[92m[1mAverage:[0m
   2.027MB	    2     	 123.504MB/s	  16.409ms	dpu_copy_to_wram_for_rank
[31m[1m*** MRAM write ***[0m
   size   	  number  	 bandwidth  	 duration 	function names
[92m[1m/dev/dpu_rank0:[0m
   1.000MB	    1     	 854.946MB/s	   1.170ms	dpu_copy_to_mrams_64dpus
[92m[1m/dev/dpu_rank1:[0m
   1.000MB	    1     	 676.889MB/s	   1.477ms	dpu_copy_to_mrams_64dpus
[92m[1mAverage:[0m
   1.000MB	    2     	 755.569MB/s	   1.324ms	dpu_copy_to_mrams_64dpus
[31m[1m*** MRAM read ***[0m
   size   	  number  	 bandwidth  	 duration 	function names
[92m[1m/dev/dpu_rank0:[0m
   1.000MB	    1     	   1.213GB/s	 805.267us	dpu_copy_from_mrams_64dpus
[92m[1m/dev/dpu_rank1:[0m
   1.000MB	    1     	   1.109GB/s	 880.231us	dpu_copy_from_mrams_64dpus
[92m[1mAverage:[0m
   1.000MB	    2     	   1.159GB/s	 842.749us	dpu_copy_from_mrams_64dpus
[31m[1m*** IRAM write ***[0m
   size   	  number  	 bandwidth  	 duration 	function names
[92m[1m/dev/dpu_rank0:[0m
  10.562KB	    1     	  24.505MB/s	 420.935us	dpu_copy_to_iram_for_rank
[92m[1m/dev/dpu_rank1:[0m
  10.562KB	    1     	  34.558MB/s	 298.478us	dpu_copy_to_iram_for_rank
[92m[1mAverage:[0m
  10.562KB	    2     	  28.676MB/s	 359.707us	dpu_copy_to_iram_for_rank
