   1048576    65536  256 0.194905   0.172134   0.367039   Chunks_Unsorted Success 
[31m[1m*** WRAM write ***[0m
   size   	  number  	 bandwidth  	 duration 	function names
[92m[1m/dev/dpu_rank0:[0m
   2.027MB	    1     	 106.021MB/s	  19.115ms	dpu_copy_to_wram_for_rank
[92m[1mAverage:[0m
   2.027MB	    1     	 106.021MB/s	  19.115ms	dpu_copy_to_wram_for_rank
[31m[1m*** MRAM write ***[0m
   size   	  number  	 bandwidth  	 duration 	function names
[92m[1m/dev/dpu_rank0:[0m
   4.000MB	    1     	   1.051GB/s	   3.717ms	dpu_copy_to_mrams_16dpus
[92m[1mAverage:[0m
   4.000MB	    1     	   1.051GB/s	   3.717ms	dpu_copy_to_mrams_16dpus
[31m[1m*** MRAM read ***[0m
   size   	  number  	 bandwidth  	 duration 	function names
[92m[1m/dev/dpu_rank0:[0m
   4.000MB	    1     	 705.380MB/s	   5.671ms	dpu_copy_from_mrams_16dpus
[92m[1mAverage:[0m
   4.000MB	    1     	 705.380MB/s	   5.671ms	dpu_copy_from_mrams_16dpus
[31m[1m*** IRAM write ***[0m
   size   	  number  	 bandwidth  	 duration 	function names
[92m[1m/dev/dpu_rank0:[0m
  10.625KB	    1     	  25.327MB/s	 409.681us	dpu_copy_to_iram_for_rank
[92m[1mAverage:[0m
  10.625KB	    1     	  25.327MB/s	 409.681us	dpu_copy_to_iram_for_rank
