   1048576     8192  256 0.107787   0.235861   0.343648   Chunks_Unsorted Success 
[31m[1m*** WRAM write ***[0m
   size   	  number  	 bandwidth  	 duration 	function names
[92m[1m/dev/dpu_rank0:[0m
   2.027MB	    1     	 103.145MB/s	  19.648ms	dpu_copy_to_wram_for_rank
[92m[1m/dev/dpu_rank1:[0m
   2.027MB	    1     	 105.497MB/s	  19.210ms	dpu_copy_to_wram_for_rank
[92m[1mAverage:[0m
   2.027MB	    2     	 104.308MB/s	  19.429ms	dpu_copy_to_wram_for_rank
[31m[1m*** MRAM write ***[0m
   size   	  number  	 bandwidth  	 duration 	function names
[92m[1m/dev/dpu_rank0:[0m
   2.000MB	    1     	   1.102GB/s	   1.772ms	dpu_copy_to_mrams_64dpus
[92m[1m/dev/dpu_rank1:[0m
   2.000MB	    1     	 806.118MB/s	   2.481ms	dpu_copy_to_mrams_64dpus
[92m[1mAverage:[0m
   2.000MB	    2     	 940.452MB/s	   2.127ms	dpu_copy_to_mrams_64dpus
[31m[1m*** MRAM read ***[0m
   size   	  number  	 bandwidth  	 duration 	function names
[92m[1m/dev/dpu_rank0:[0m
   2.000MB	    1     	   1.082GB/s	   1.805ms	dpu_copy_from_mrams_64dpus
[92m[1m/dev/dpu_rank1:[0m
   2.000MB	    1     	 781.544MB/s	   2.559ms	dpu_copy_from_mrams_64dpus
[92m[1mAverage:[0m
   2.000MB	    2     	 916.621MB/s	   2.182ms	dpu_copy_from_mrams_64dpus
[31m[1m*** IRAM write ***[0m
   size   	  number  	 bandwidth  	 duration 	function names
[92m[1m/dev/dpu_rank0:[0m
  10.625KB	    1     	  24.489MB/s	 423.691us	dpu_copy_to_iram_for_rank
[92m[1m/dev/dpu_rank1:[0m
  10.625KB	    1     	  24.447MB/s	 424.432us	dpu_copy_to_iram_for_rank
[92m[1mAverage:[0m
  10.625KB	    2     	  24.468MB/s	 424.062us	dpu_copy_to_iram_for_rank
