   1048576    16384  256 0.082701   0.212494   0.295195   Chunks_Unsorted Success 
[31m[1m*** WRAM write ***[0m
   size   	  number  	 bandwidth  	 duration 	function names
[92m[1m/dev/dpu_rank0:[0m
   2.027MB	    1     	 106.037MB/s	  19.112ms	dpu_copy_to_wram_for_rank
[92m[1mAverage:[0m
   2.027MB	    1     	 106.037MB/s	  19.112ms	dpu_copy_to_wram_for_rank
[31m[1m*** MRAM write ***[0m
   size   	  number  	 bandwidth  	 duration 	function names
[92m[1m/dev/dpu_rank0:[0m
   4.000MB	    1     	   1.168GB/s	   3.345ms	dpu_copy_to_mrams_64dpus
[92m[1mAverage:[0m
   4.000MB	    1     	   1.168GB/s	   3.345ms	dpu_copy_to_mrams_64dpus
[31m[1m*** MRAM read ***[0m
   size   	  number  	 bandwidth  	 duration 	function names
[92m[1m/dev/dpu_rank0:[0m
   4.000MB	    1     	   1.418GB/s	   2.754ms	dpu_copy_from_mrams_64dpus
[92m[1mAverage:[0m
   4.000MB	    1     	   1.418GB/s	   2.754ms	dpu_copy_from_mrams_64dpus
[31m[1m*** IRAM write ***[0m
   size   	  number  	 bandwidth  	 duration 	function names
[92m[1m/dev/dpu_rank0:[0m
  10.438KB	    1     	  25.514MB/s	 399.501us	dpu_copy_to_iram_for_rank
[92m[1mAverage:[0m
  10.438KB	    1     	  25.514MB/s	 399.501us	dpu_copy_to_iram_for_rank
