   1048576     4096  256 0.196302   0.258423   0.454725   Chunks_Unsorted Success 
[31m[1m*** WRAM write ***[0m
   size   	  number  	 bandwidth  	 duration 	function names
[92m[1m/dev/dpu_rank0:[0m
   2.027MB	    1     	  93.802MB/s	  21.605ms	dpu_copy_to_wram_for_rank
[92m[1m/dev/dpu_rank1:[0m
   2.027MB	    1     	  94.429MB/s	  21.462ms	dpu_copy_to_wram_for_rank
[92m[1m/dev/dpu_rank10:[0m
   2.027MB	    1     	  92.245MB/s	  21.970ms	dpu_copy_to_wram_for_rank
[92m[1m/dev/dpu_rank11:[0m
   2.027MB	    1     	  90.425MB/s	  22.412ms	dpu_copy_to_wram_for_rank
[92m[1mAverage:[0m
   2.027MB	    4     	  92.699MB/s	  21.862ms	dpu_copy_to_wram_for_rank
[31m[1m*** MRAM write ***[0m
   size   	  number  	 bandwidth  	 duration 	function names
[92m[1m/dev/dpu_rank0:[0m
   1.000MB	    1     	 412.571MB/s	   2.424ms	dpu_copy_to_mrams_64dpus
[92m[1m/dev/dpu_rank1:[0m
   1.000MB	    1     	 492.637MB/s	   2.030ms	dpu_copy_to_mrams_64dpus
[92m[1m/dev/dpu_rank10:[0m
   1.000MB	    1     	 430.238MB/s	   2.324ms	dpu_copy_to_mrams_64dpus
[92m[1m/dev/dpu_rank11:[0m
   1.000MB	    1     	 365.958MB/s	   2.733ms	dpu_copy_to_mrams_64dpus
[92m[1mAverage:[0m
   1.000MB	    4     	 420.585MB/s	   2.378ms	dpu_copy_to_mrams_64dpus
[31m[1m*** MRAM read ***[0m
   size   	  number  	 bandwidth  	 duration 	function names
[92m[1m/dev/dpu_rank0:[0m
   1.000MB	    1     	   1.022GB/s	 955.962us	dpu_copy_from_mrams_64dpus
[92m[1m/dev/dpu_rank1:[0m
   1.000MB	    1     	   1.469GB/s	 664.608us	dpu_copy_from_mrams_64dpus
[92m[1m/dev/dpu_rank10:[0m
   1.000MB	    1     	   1.037GB/s	 941.717us	dpu_copy_from_mrams_64dpus
[92m[1m/dev/dpu_rank11:[0m
   1.000MB	    1     	 681.430MB/s	   1.468ms	dpu_copy_from_mrams_64dpus
[92m[1mAverage:[0m
   1.000MB	    4     	 992.608MB/s	   1.007ms	dpu_copy_from_mrams_64dpus
[31m[1m*** IRAM write ***[0m
   size   	  number  	 bandwidth  	 duration 	function names
[92m[1m/dev/dpu_rank0:[0m
  10.562KB	    1     	  22.145MB/s	 465.792us	dpu_copy_to_iram_for_rank
[92m[1m/dev/dpu_rank1:[0m
  10.562KB	    1     	  21.881MB/s	 471.406us	dpu_copy_to_iram_for_rank
[92m[1m/dev/dpu_rank10:[0m
  10.562KB	    1     	  24.482MB/s	 421.326us	dpu_copy_to_iram_for_rank
[92m[1m/dev/dpu_rank11:[0m
  10.562KB	    1     	  24.315MB/s	 424.227us	dpu_copy_to_iram_for_rank
[92m[1mAverage:[0m
  10.562KB	    4     	  23.144MB/s	 445.688us	dpu_copy_to_iram_for_rank
