   2097152    65536  256 0.213583   0.366773   0.580356   Chunks_Unsorted Success 
[31m[1m*** WRAM write ***[0m
   size   	  number  	 bandwidth  	 duration 	function names
[92m[1m/dev/dpu_rank0:[0m
   2.027MB	    1     	 108.995MB/s	  18.594ms	dpu_copy_to_wram_for_rank
[92m[1mAverage:[0m
   2.027MB	    1     	 108.995MB/s	  18.594ms	dpu_copy_to_wram_for_rank
[31m[1m*** MRAM write ***[0m
   size   	  number  	 bandwidth  	 duration 	function names
[92m[1m/dev/dpu_rank0:[0m
   8.000MB	    1     	   1.352GB/s	   5.778ms	dpu_copy_to_mrams_32dpus
[92m[1mAverage:[0m
   8.000MB	    1     	   1.352GB/s	   5.778ms	dpu_copy_to_mrams_32dpus
[31m[1m*** MRAM read ***[0m
   size   	  number  	 bandwidth  	 duration 	function names
[92m[1m/dev/dpu_rank0:[0m
   8.000MB	    1     	 819.807MB/s	   9.758ms	dpu_copy_from_mrams_32dpus
[92m[1mAverage:[0m
   8.000MB	    1     	 819.807MB/s	   9.758ms	dpu_copy_from_mrams_32dpus
[31m[1m*** IRAM write ***[0m
   size   	  number  	 bandwidth  	 duration 	function names
[92m[1m/dev/dpu_rank0:[0m
  10.625KB	    1     	  24.294MB/s	 427.106us	dpu_copy_to_iram_for_rank
[92m[1mAverage:[0m
  10.625KB	    1     	  24.294MB/s	 427.106us	dpu_copy_to_iram_for_rank
