   2097152   131072  256 0.413098   0.327729   0.740827   Chunks_Unsorted Success 
[31m[1m*** WRAM write ***[0m
   size   	  number  	 bandwidth  	 duration 	function names
[92m[1m/dev/dpu_rank0:[0m
   2.027MB	    1     	 108.030MB/s	  18.760ms	dpu_copy_to_wram_for_rank
[92m[1mAverage:[0m
   2.027MB	    1     	 108.030MB/s	  18.760ms	dpu_copy_to_wram_for_rank
[31m[1m*** MRAM write ***[0m
   size   	  number  	 bandwidth  	 duration 	function names
[92m[1m/dev/dpu_rank0:[0m
   8.000MB	    1     	 831.344MB/s	   9.623ms	dpu_copy_to_mrams_16dpus
[92m[1mAverage:[0m
   8.000MB	    1     	 831.344MB/s	   9.623ms	dpu_copy_to_mrams_16dpus
[31m[1m*** MRAM read ***[0m
   size   	  number  	 bandwidth  	 duration 	function names
[92m[1m/dev/dpu_rank0:[0m
   8.000MB	    1     	 577.928MB/s	  13.843ms	dpu_copy_from_mrams_16dpus
[92m[1mAverage:[0m
   8.000MB	    1     	 577.928MB/s	  13.843ms	dpu_copy_from_mrams_16dpus
[31m[1m*** IRAM write ***[0m
   size   	  number  	 bandwidth  	 duration 	function names
[92m[1m/dev/dpu_rank0:[0m
  10.625KB	    1     	  24.883MB/s	 416.991us	dpu_copy_to_iram_for_rank
[92m[1mAverage:[0m
  10.625KB	    1     	  24.883MB/s	 416.991us	dpu_copy_to_iram_for_rank
