   2097152    32768  256 0.132509   0.408739   0.541248   Chunks_Unsorted Success 
[31m[1m*** WRAM write ***[0m
   size   	  number  	 bandwidth  	 duration 	function names
[92m[1m/dev/dpu_rank0:[0m
   2.027MB	    1     	 104.524MB/s	  19.389ms	dpu_copy_to_wram_for_rank
[92m[1mAverage:[0m
   2.027MB	    1     	 104.524MB/s	  19.389ms	dpu_copy_to_wram_for_rank
[31m[1m*** MRAM write ***[0m
   size   	  number  	 bandwidth  	 duration 	function names
[92m[1m/dev/dpu_rank0:[0m
   8.000MB	    1     	   2.031GB/s	   3.846ms	dpu_copy_to_mrams_64dpus
[92m[1mAverage:[0m
   8.000MB	    1     	   2.031GB/s	   3.846ms	dpu_copy_to_mrams_64dpus
[31m[1m*** MRAM read ***[0m
   size   	  number  	 bandwidth  	 duration 	function names
[92m[1m/dev/dpu_rank0:[0m
   8.000MB	    1     	   1.577GB/s	   4.955ms	dpu_copy_from_mrams_64dpus
[92m[1mAverage:[0m
   8.000MB	    1     	   1.577GB/s	   4.955ms	dpu_copy_from_mrams_64dpus
[31m[1m*** IRAM write ***[0m
   size   	  number  	 bandwidth  	 duration 	function names
[92m[1m/dev/dpu_rank0:[0m
  10.625KB	    1     	  24.587MB/s	 422.018us	dpu_copy_to_iram_for_rank
[92m[1mAverage:[0m
  10.625KB	    1     	  24.587MB/s	 422.018us	dpu_copy_to_iram_for_rank
