   4194304   131072  256 0.446434   0.725527   1.17196   Chunks_Unsorted Success 
[31m[1m*** WRAM write ***[0m
   size   	  number  	 bandwidth  	 duration 	function names
[92m[1m/dev/dpu_rank0:[0m
   2.027MB	    1     	 106.296MB/s	  19.066ms	dpu_copy_to_wram_for_rank
[92m[1mAverage:[0m
   2.027MB	    1     	 106.296MB/s	  19.066ms	dpu_copy_to_wram_for_rank
[31m[1m*** MRAM write ***[0m
   size   	  number  	 bandwidth  	 duration 	function names
[92m[1m/dev/dpu_rank0:[0m
  16.000MB	    1     	   1.057GB/s	  14.781ms	dpu_copy_to_mrams_32dpus
[92m[1mAverage:[0m
  16.000MB	    1     	   1.057GB/s	  14.781ms	dpu_copy_to_mrams_32dpus
[31m[1m*** MRAM read ***[0m
   size   	  number  	 bandwidth  	 duration 	function names
[92m[1m/dev/dpu_rank0:[0m
  16.000MB	    1     	 867.146MB/s	  18.451ms	dpu_copy_from_mrams_32dpus
[92m[1mAverage:[0m
  16.000MB	    1     	 867.146MB/s	  18.451ms	dpu_copy_from_mrams_32dpus
[31m[1m*** IRAM write ***[0m
   size   	  number  	 bandwidth  	 duration 	function names
[92m[1m/dev/dpu_rank0:[0m
  10.625KB	    1     	  24.444MB/s	 424.485us	dpu_copy_to_iram_for_rank
[92m[1mAverage:[0m
  10.625KB	    1     	  24.444MB/s	 424.485us	dpu_copy_to_iram_for_rank
