   8388608   524288  256 2.85811   1.28709   4.1452   Chunks_Unsorted Success 
[31m[1m*** WRAM write ***[0m
   size   	  number  	 bandwidth  	 duration 	function names
[92m[1m/dev/dpu_rank0:[0m
   2.027MB	    1     	 106.300MB/s	  19.065ms	dpu_copy_to_wram_for_rank
[92m[1mAverage:[0m
   2.027MB	    1     	 106.300MB/s	  19.065ms	dpu_copy_to_wram_for_rank
[31m[1m*** MRAM write ***[0m
   size   	  number  	 bandwidth  	 duration 	function names
[92m[1m/dev/dpu_rank0:[0m
  32.000MB	    1     	 750.827MB/s	  42.620ms	dpu_copy_to_mrams_16dpus
[92m[1mAverage:[0m
  32.000MB	    1     	 750.827MB/s	  42.620ms	dpu_copy_to_mrams_16dpus
[31m[1m*** MRAM read ***[0m
   size   	  number  	 bandwidth  	 duration 	function names
[92m[1m/dev/dpu_rank0:[0m
  32.000MB	    1     	 527.237MB/s	  60.694ms	dpu_copy_from_mrams_16dpus
[92m[1mAverage:[0m
  32.000MB	    1     	 527.237MB/s	  60.694ms	dpu_copy_from_mrams_16dpus
[31m[1m*** IRAM write ***[0m
   size   	  number  	 bandwidth  	 duration 	function names
[92m[1m/dev/dpu_rank0:[0m
  10.625KB	    1     	  24.996MB/s	 415.110us	dpu_copy_to_iram_for_rank
[92m[1mAverage:[0m
  10.625KB	    1     	  24.996MB/s	 415.110us	dpu_copy_to_iram_for_rank
