   8388608   262144  256 1.07417   1.43644   2.51061   Chunks_Unsorted Success 
[31m[1m*** WRAM write ***[0m
   size   	  number  	 bandwidth  	 duration 	function names
[92m[1m/dev/dpu_rank0:[0m
   2.027MB	    1     	 107.876MB/s	  18.787ms	dpu_copy_to_wram_for_rank
[92m[1mAverage:[0m
   2.027MB	    1     	 107.876MB/s	  18.787ms	dpu_copy_to_wram_for_rank
[31m[1m*** MRAM write ***[0m
   size   	  number  	 bandwidth  	 duration 	function names
[92m[1m/dev/dpu_rank0:[0m
  32.000MB	    1     	   1.140GB/s	  27.423ms	dpu_copy_to_mrams_32dpus
[92m[1mAverage:[0m
  32.000MB	    1     	   1.140GB/s	  27.423ms	dpu_copy_to_mrams_32dpus
[31m[1m*** MRAM read ***[0m
   size   	  number  	 bandwidth  	 duration 	function names
[92m[1m/dev/dpu_rank0:[0m
  32.000MB	    1     	 882.273MB/s	  36.270ms	dpu_copy_from_mrams_32dpus
[92m[1mAverage:[0m
  32.000MB	    1     	 882.273MB/s	  36.270ms	dpu_copy_from_mrams_32dpus
[31m[1m*** IRAM write ***[0m
   size   	  number  	 bandwidth  	 duration 	function names
[92m[1m/dev/dpu_rank0:[0m
  10.625KB	    1     	  24.594MB/s	 421.885us	dpu_copy_to_iram_for_rank
[92m[1mAverage:[0m
  10.625KB	    1     	  24.594MB/s	 421.885us	dpu_copy_to_iram_for_rank
