  16777216  1048576  256 9.16673   2.58232   11.7491   Chunks_Unsorted Success 
[31m[1m*** WRAM write ***[0m
   size   	  number  	 bandwidth  	 duration 	function names
[92m[1m/dev/dpu_rank0:[0m
   2.027MB	    1     	 106.656MB/s	  19.001ms	dpu_copy_to_wram_for_rank
[92m[1mAverage:[0m
   2.027MB	    1     	 106.656MB/s	  19.001ms	dpu_copy_to_wram_for_rank
[31m[1m*** MRAM write ***[0m
   size   	  number  	 bandwidth  	 duration 	function names
[92m[1m/dev/dpu_rank0:[0m
  64.000MB	    1     	 752.035MB/s	  85.102ms	dpu_copy_to_mrams_16dpus
[92m[1mAverage:[0m
  64.000MB	    1     	 752.035MB/s	  85.102ms	dpu_copy_to_mrams_16dpus
[31m[1m*** MRAM read ***[0m
   size   	  number  	 bandwidth  	 duration 	function names
[92m[1m/dev/dpu_rank0:[0m
  64.000MB	    1     	 517.515MB/s	 123.668ms	dpu_copy_from_mrams_16dpus
[92m[1mAverage:[0m
  64.000MB	    1     	 517.515MB/s	 123.668ms	dpu_copy_from_mrams_16dpus
[31m[1m*** IRAM write ***[0m
   size   	  number  	 bandwidth  	 duration 	function names
[92m[1m/dev/dpu_rank0:[0m
  10.625KB	    1     	  24.481MB/s	 423.839us	dpu_copy_to_iram_for_rank
[92m[1mAverage:[0m
  10.625KB	    1     	  24.481MB/s	 423.839us	dpu_copy_to_iram_for_rank
